# JRE version: Java(TM) SE Runtime Environment 18.9 (11.0.8+10) (build 11.0.8+10-LTS)
# Java VM: Java HotSpot(TM) 64-Bit Server VM 18.9 (11.0.8+10-LTS, mixed mode, tiered, compressed oops, g1 gc, windows-amd64)
Heap:
 garbage-first heap   total 227328K, used 156672K [0x0000000081200000, 0x0000000100000000)
  region size 1024K, 94 young (96256K), 9 survivors (9216K)
 Metaspace       used 8372K, capacity 8456K, committed 8576K, reserved 1056768K
  class space    used 743K, capacity 778K, committed 896K, reserved 1048576K
GC Heap History (10 events):
Event: 2.658 GC heap before
{Heap before GC invocations=5 (full 0):
 garbage-first heap   total 165888K, used 113288K [0x0000000081200000, 0x0000000100000000)
  region size 1024K, 88 young (90112K), 7 survivors (7168K)
 Metaspace       used 6167K, capacity 6259K, committed 6528K, reserved 1056768K
  class space    used 521K, capacity 533K, committed 640K, reserved 1048576K
}
Event: 2.673 GC heap after
{Heap after GC invocations=6 (full 0):
 garbage-first heap   total 165888K, used 38311K [0x0000000081200000, 0x0000000100000000)
  region size 1024K, 8 young (8192K), 8 survivors (8192K)
 Metaspace       used 6167K, capacity 6259K, committed 6528K, reserved 1056768K
  class space    used 521K, capacity 533K, committed 640K, reserved 1048576K
}
Event: 2.867 GC heap before
{Heap before GC invocations=6 (full 0):
 garbage-first heap   total 165888K, used 122279K [0x0000000081200000, 0x0000000100000000)
  region size 1024K, 90 young (92160K), 8 survivors (8192K)
 Metaspace       used 6167K, capacity 6259K, committed 6528K, reserved 1056768K
  class space    used 521K, capacity 533K, committed 640K, reserved 1048576K
}
Event: 2.883 GC heap after
{Heap after GC invocations=7 (full 0):
 garbage-first heap   total 165888K, used 46022K [0x0000000081200000, 0x0000000100000000)
  region size 1024K, 8 young (8192K), 8 survivors (8192K)
 Metaspace       used 6167K, capacity 6259K, committed 6528K, reserved 1056768K
  class space    used 521K, capacity 533K, committed 640K, reserved 1048576K
}
Event: 3.044 GC heap before
{Heap before GC invocations=7 (full 0):
 garbage-first heap   total 165888K, used 126918K [0x0000000081200000, 0x0000000100000000)
  region size 1024K, 87 young (89088K), 8 survivors (8192K)
 Metaspace       used 6184K, capacity 6259K, committed 6528K, reserved 1056768K
  class space    used 521K, capacity 533K, committed 640K, reserved 1048576K
}
Event: 3.059 GC heap after
{Heap after GC invocations=8 (full 0):
 garbage-first heap   total 165888K, used 54731K [0x0000000081200000, 0x0000000100000000)
  region size 1024K, 8 young (8192K), 8 survivors (8192K)
 Metaspace       used 6184K, capacity 6259K, committed 6528K, reserved 1056768K
  class space    used 521K, capacity 533K, committed 640K, reserved 1048576K
}
Event: 3.227 GC heap before
{Heap before GC invocations=8 (full 0):
 garbage-first heap   total 165888K, used 129483K [0x0000000081200000, 0x0000000100000000)
  region size 1024K, 81 young (82944K), 8 survivors (8192K)
 Metaspace       used 6185K, capacity 6259K, committed 6528K, reserved 1056768K
  class space    used 521K, capacity 533K, committed 640K, reserved 1048576K
}
Event: 3.241 GC heap after
{Heap after GC invocations=9 (full 0):
 garbage-first heap   total 227328K, used 61907K [0x0000000081200000, 0x0000000100000000)
  region size 1024K, 8 young (8192K), 8 survivors (8192K)
 Metaspace       used 6185K, capacity 6259K, committed 6528K, reserved 1056768K
  class space    used 521K, capacity 533K, committed 640K, reserved 1048576K
}
Event: 3.549 GC heap before
{Heap before GC invocations=9 (full 0):
 garbage-first heap   total 227328K, used 158163K [0x0000000081200000, 0x0000000100000000)
  region size 1024K, 102 young (104448K), 8 survivors (8192K)
 Metaspace       used 6188K, capacity 6259K, committed 6528K, reserved 1056768K
  class space    used 521K, capacity 533K, committed 640K, reserved 1048576K
}
Event: 3.571 GC heap after
{Heap after GC invocations=10 (full 0):
 garbage-first heap   total 227328K, used 70656K [0x0000000081200000, 0x0000000100000000)
  region size 1024K, 9 young (9216K), 9 survivors (9216K)
 Metaspace       used 6188K, capacity 6259K, committed 6528K, reserved 1056768K
  class space    used 521K, capacity 533K, committed 640K, reserved 1048576K
}

