# JRE version: Java(TM) SE Runtime Environment 18.9 (11.0.8+10) (build 11.0.8+10-LTS)
# Java VM: Java HotSpot(TM) 64-Bit Server VM 18.9 (11.0.8+10-LTS, mixed mode, tiered, compressed oops, g1 gc, windows-amd64)
Heap:
 garbage-first heap   total 305152K, used 82944K [0x0000000081200000, 0x0000000100000000)
  region size 1024K, 24 young (24576K), 18 survivors (18432K)
 Metaspace       used 8372K, capacity 8456K, committed 8576K, reserved 1056768K
  class space    used 744K, capacity 778K, committed 896K, reserved 1048576K
GC Heap History (10 events):
Event: 1.725 GC heap before
{Heap before GC invocations=5 (full 0):
 garbage-first heap   total 188416K, used 119808K [0x0000000081200000, 0x0000000100000000)
  region size 1024K, 94 young (96256K), 7 survivors (7168K)
 Metaspace       used 6168K, capacity 6259K, committed 6528K, reserved 1056768K
  class space    used 521K, capacity 533K, committed 640K, reserved 1048576K
}
Event: 1.737 GC heap after
{Heap after GC invocations=6 (full 0):
 garbage-first heap   total 188416K, used 38840K [0x0000000081200000, 0x0000000100000000)
  region size 1024K, 9 young (9216K), 9 survivors (9216K)
 Metaspace       used 6168K, capacity 6259K, committed 6528K, reserved 1056768K
  class space    used 521K, capacity 533K, committed 640K, reserved 1048576K
}
Event: 1.844 GC heap before
{Heap before GC invocations=6 (full 0):
 garbage-first heap   total 188416K, used 134072K [0x0000000081200000, 0x0000000100000000)
  region size 1024K, 102 young (104448K), 9 survivors (9216K)
 Metaspace       used 6169K, capacity 6259K, committed 6528K, reserved 1056768K
  class space    used 521K, capacity 533K, committed 640K, reserved 1048576K
}
Event: 1.861 GC heap after
{Heap after GC invocations=7 (full 0):
 garbage-first heap   total 188416K, used 47456K [0x0000000081200000, 0x0000000100000000)
  region size 1024K, 9 young (9216K), 9 survivors (9216K)
 Metaspace       used 6169K, capacity 6259K, committed 6528K, reserved 1056768K
  class space    used 521K, capacity 533K, committed 640K, reserved 1048576K
}
Event: 1.951 GC heap before
{Heap before GC invocations=7 (full 0):
 garbage-first heap   total 188416K, used 140640K [0x0000000081200000, 0x0000000100000000)
  region size 1024K, 100 young (102400K), 9 survivors (9216K)
 Metaspace       used 6183K, capacity 6259K, committed 6528K, reserved 1056768K
  class space    used 521K, capacity 533K, committed 640K, reserved 1048576K
}
Event: 1.965 GC heap after
{Heap after GC invocations=8 (full 0):
 garbage-first heap   total 188416K, used 57076K [0x0000000081200000, 0x0000000100000000)
  region size 1024K, 9 young (9216K), 9 survivors (9216K)
 Metaspace       used 6183K, capacity 6259K, committed 6528K, reserved 1056768K
  class space    used 521K, capacity 533K, committed 640K, reserved 1048576K
}
Event: 2.044 GC heap before
{Heap before GC invocations=8 (full 0):
 garbage-first heap   total 188416K, used 145140K [0x0000000081200000, 0x0000000100000000)
  region size 1024K, 95 young (97280K), 9 survivors (9216K)
 Metaspace       used 6190K, capacity 6259K, committed 6528K, reserved 1056768K
  class space    used 521K, capacity 533K, committed 640K, reserved 1048576K
}
Event: 2.060 GC heap after
{Heap after GC invocations=9 (full 0):
 garbage-first heap   total 305152K, used 65351K [0x0000000081200000, 0x0000000100000000)
  region size 1024K, 9 young (9216K), 9 survivors (9216K)
 Metaspace       used 6190K, capacity 6259K, committed 6528K, reserved 1056768K
  class space    used 521K, capacity 533K, committed 640K, reserved 1048576K
}
Event: 2.256 GC heap before
{Heap before GC invocations=9 (full 0):
 garbage-first heap   total 305152K, used 199495K [0x0000000081200000, 0x0000000100000000)
  region size 1024K, 140 young (143360K), 9 survivors (9216K)
 Metaspace       used 6190K, capacity 6259K, committed 6528K, reserved 1056768K
  class space    used 521K, capacity 533K, committed 640K, reserved 1048576K
}
Event: 2.273 GC heap after
{Heap after GC invocations=10 (full 0):
 garbage-first heap   total 305152K, used 77824K [0x0000000081200000, 0x0000000100000000)
  region size 1024K, 18 young (18432K), 18 survivors (18432K)
 Metaspace       used 6190K, capacity 6259K, committed 6528K, reserved 1056768K
  class space    used 521K, capacity 533K, committed 640K, reserved 1048576K
}

